<?xml version="1.0" encoding="UTF-8"?>
<!-- Generated by org.testng.reporters.JUnitReportReporter -->
<testsuite skipped="0" hostname="NORIHUELA10" name="pruebas.Laboratorio3_E1" tests="1" failures="0" timestamp="2020-03-27T19:48:31 ART" time="2.946" errors="0">
  <testcase name="registroUsuario" time="2.946" classname="pruebas.Laboratorio3_E1"/>
  <system-out/>
</testsuite> <!-- pruebas.Laboratorio3_E1 -->
