<?xml version="1.0" encoding="UTF-8"?>
<!-- Generated by org.testng.reporters.JUnitReportReporter -->
<testsuite skipped="0" hostname="NORIHUELA10" name="pruebas.Laboratorio4_E1" tests="4" failures="0" timestamp="2020-03-30T20:00:50 ART" time="26.948" errors="0">
  <testcase name="irRegistroLogin" time="3.697" classname="pruebas.Laboratorio4_E1"/>
  <system-out/>
  <testcase name="irRegistroLogin" time="16.290" classname="pruebas.Laboratorio4_E1"/>
  <system-out/>
  <testcase name="irRegistroLogin" time="3.611" classname="pruebas.Laboratorio4_E1"/>
  <system-out/>
  <testcase name="irRegistroLogin" time="3.350" classname="pruebas.Laboratorio4_E1"/>
  <system-out/>
</testsuite> <!-- pruebas.Laboratorio4_E1 -->
