<?xml version="1.0" encoding="UTF-8"?>
<!-- Generated by org.testng.reporters.JUnitReportReporter -->
<testsuite skipped="0" hostname="NORIHUELA10" name="pruebas.Test_Laboratorio4_E1" tests="4" failures="0" timestamp="2020-04-03T11:23:12 ART" time="22.226" errors="0">
  <testcase name="irRegistroLogin" time="4.629" classname="pruebas.Test_Laboratorio4_E1"/>
  <system-out/>
  <testcase name="irRegistroLogin" time="8.321" classname="pruebas.Test_Laboratorio4_E1"/>
  <system-out/>
  <testcase name="irRegistroLogin" time="5.042" classname="pruebas.Test_Laboratorio4_E1"/>
  <system-out/>
  <testcase name="irRegistroLogin" time="4.234" classname="pruebas.Test_Laboratorio4_E1"/>
  <system-out/>
</testsuite> <!-- pruebas.Test_Laboratorio4_E1 -->
