<?xml version="1.0" encoding="UTF-8"?>
<!-- Generated by org.testng.reporters.JUnitReportReporter -->
<testsuite skipped="0" hostname="NORIHUELA10" name="Edit.EducacionIt.Laboratorio2" tests="1" failures="0" timestamp="2020-03-27T19:20:24 ART" time="52.337" errors="0">
  <testcase name="lab2_E1" time="52.337" classname="Edit.EducacionIt.Laboratorio2"/>
  <system-out/>
</testsuite> <!-- Edit.EducacionIt.Laboratorio2 -->
