<?xml version="1.0" encoding="UTF-8"?>
<!-- Generated by org.testng.reporters.JUnitReportReporter -->
<testsuite skipped="0" hostname="NORIHUELA10" name="pruebas.Laboratorio3_E2" tests="2" failures="0" timestamp="2020-03-27T21:50:46 ART" time="8.014" errors="0">
  <testcase name="irRegistroLogin" time="6.294" classname="pruebas.Laboratorio3_E2"/>
  <system-out/>
  <testcase name="crearCuentaInvalida" time="1.720" classname="pruebas.Laboratorio3_E2"/>
  <system-out/>
</testsuite> <!-- pruebas.Laboratorio3_E2 -->
